[     136ms] [LOG] [Fast Refresh] rebuilding @ http://localhost:3000/_next/static/chunks/node_modules_next_dist_0k8zr~w._.js:1226
[     795ms] [LOG] [Fast Refresh] done in 762ms @ http://localhost:3000/_next/static/chunks/node_modules_next_dist_0k8zr~w._.js:1226
[     994ms] [INFO] %cDownload the React DevTools for a better development experience: https://react.dev/link/react-devtools font-weight:bold @ http://localhost:3000/_next/static/chunks/node_modules_react-dom_0bruynb._.js:15305
[    1020ms] [ERROR] Refused to execute script from 'http://localhost:3000/_next/static/development/_clientMiddlewareManifest.js' because its MIME type ('application/json') is not executable, and strict MIME type checking is enabled. @ http://localhost:3000/services:0
[    1044ms] [LOG] [HMR] connected @ http://localhost:3000/_next/static/chunks/node_modules_next_dist_0k8zr~w._.js:1226
[    2101ms] [WARNING] [Meta pixel] 1471794151322307 is unavailable on this website due to it's traffic permission settings. Go to https://www.facebook.com/business/help/572690630080597 to learn more. @ http://localhost:3000/_next/static/chunks/node_modules_next_dist_0k8zr~w._.js:1226
[   41216ms] [LOG] [Fast Refresh] rebuilding @ http://localhost:3000/_next/static/chunks/node_modules_next_dist_0k8zr~w._.js:1226
[   41265ms] [LOG] [Fast Refresh] done in 151ms @ http://localhost:3000/_next/static/chunks/node_modules_next_dist_0k8zr~w._.js:1226
[   90118ms] [LOG] [Fast Refresh] rebuilding @ http://localhost:3000/_next/static/chunks/node_modules_next_dist_0k8zr~w._.js:1226
[   90188ms] [LOG] [Fast Refresh] done in 173ms @ http://localhost:3000/_next/static/chunks/node_modules_next_dist_0k8zr~w._.js:1226
[  131343ms] [LOG] [Fast Refresh] rebuilding @ http://localhost:3000/_next/static/chunks/node_modules_next_dist_0k8zr~w._.js:1226
[  131382ms] [LOG] [Fast Refresh] done in 141ms @ http://localhost:3000/_next/static/chunks/node_modules_next_dist_0k8zr~w._.js:1226
[  155646ms] [LOG] [Fast Refresh] rebuilding @ http://localhost:3000/_next/static/chunks/node_modules_next_dist_0k8zr~w._.js:1226
[  155686ms] [LOG] [Fast Refresh] done in 142ms @ http://localhost:3000/_next/static/chunks/node_modules_next_dist_0k8zr~w._.js:1226
[  167699ms] [LOG] [Fast Refresh] rebuilding @ http://localhost:3000/_next/static/chunks/node_modules_next_dist_0k8zr~w._.js:1226
[  167732ms] [LOG] [Fast Refresh] done in 135ms @ http://localhost:3000/_next/static/chunks/node_modules_next_dist_0k8zr~w._.js:1226
[  172396ms] [LOG] [Fast Refresh] rebuilding @ http://localhost:3000/_next/static/chunks/node_modules_next_dist_0k8zr~w._.js:1226
[  172433ms] [LOG] [Fast Refresh] done in 139ms @ http://localhost:3000/_next/static/chunks/node_modules_next_dist_0k8zr~w._.js:1226
[  172758ms] [LOG] [Fast Refresh] rebuilding @ http://localhost:3000/_next/static/chunks/node_modules_next_dist_0k8zr~w._.js:1226
[  172796ms] [LOG] [Fast Refresh] done in 139ms @ http://localhost:3000/_next/static/chunks/node_modules_next_dist_0k8zr~w._.js:1226
[  220633ms] [LOG] [Fast Refresh] rebuilding @ http://localhost:3000/_next/static/chunks/node_modules_next_dist_0k8zr~w._.js:1226
[  220689ms] [LOG] [Fast Refresh] done in 157ms @ http://localhost:3000/_next/static/chunks/node_modules_next_dist_0k8zr~w._.js:1226
[  226469ms] [LOG] [Fast Refresh] rebuilding @ http://localhost:3000/_next/static/chunks/node_modules_next_dist_0k8zr~w._.js:1226
[  226566ms] [LOG] [Fast Refresh] done in 200ms @ http://localhost:3000/_next/static/chunks/node_modules_next_dist_0k8zr~w._.js:1226
[  245516ms] [LOG] [Fast Refresh] rebuilding @ http://localhost:3000/_next/static/chunks/node_modules_next_dist_0k8zr~w._.js:1226
[  245524ms] [LOG] [Fast Refresh] done in 111ms @ http://localhost:3000/_next/static/chunks/node_modules_next_dist_0k8zr~w._.js:1226
[  256334ms] [LOG] [Fast Refresh] rebuilding @ http://localhost:3000/_next/static/chunks/node_modules_next_dist_0k8zr~w._.js:1226
[  256365ms] [LOG] [Fast Refresh] done in 133ms @ http://localhost:3000/_next/static/chunks/node_modules_next_dist_0k8zr~w._.js:1226
[  262571ms] [LOG] [Fast Refresh] rebuilding @ http://localhost:3000/_next/static/chunks/node_modules_next_dist_0k8zr~w._.js:1226
[  262627ms] [ERROR] The final argument passed to %s changed size between renders. The order and size of this array must remain constant.

Previous: %s
Incoming: %s useEffect [true, false] [0, true, false] @ http://localhost:3000/_next/static/chunks/node_modules_next_dist_0k8zr~w._.js:1945
[  262628ms] [ERROR] The final argument passed to %s changed size between renders. The order and size of this array must remain constant.

Previous: %s
Incoming: %s useEffect [true, false] [1, true, false] @ http://localhost:3000/_next/static/chunks/node_modules_next_dist_0k8zr~w._.js:1945
[  262629ms] [ERROR] The final argument passed to %s changed size between renders. The order and size of this array must remain constant.

Previous: %s
Incoming: %s useEffect [true, false] [2, true, false] @ http://localhost:3000/_next/static/chunks/node_modules_next_dist_0k8zr~w._.js:1945
[  262631ms] [ERROR] The final argument passed to %s changed size between renders. The order and size of this array must remain constant.

Previous: %s
Incoming: %s useEffect [true, false] [3, true, false] @ http://localhost:3000/_next/static/chunks/node_modules_next_dist_0k8zr~w._.js:1945
[  262632ms] [ERROR] The final argument passed to %s changed size between renders. The order and size of this array must remain constant.

Previous: %s
Incoming: %s useEffect [true, false] [4, true, false] @ http://localhost:3000/_next/static/chunks/node_modules_next_dist_0k8zr~w._.js:1945
[  262633ms] [ERROR] The final argument passed to %s changed size between renders. The order and size of this array must remain constant.

Previous: %s
Incoming: %s useEffect [true, false] [5, true, false] @ http://localhost:3000/_next/static/chunks/node_modules_next_dist_0k8zr~w._.js:1945
[  262634ms] [ERROR] The final argument passed to %s changed size between renders. The order and size of this array must remain constant.

Previous: %s
Incoming: %s useEffect [true, false] [6, true, false] @ http://localhost:3000/_next/static/chunks/node_modules_next_dist_0k8zr~w._.js:1945
[  262637ms] [LOG] [Fast Refresh] done in 151ms @ http://localhost:3000/_next/static/chunks/node_modules_next_dist_0k8zr~w._.js:1226
[  262752ms] [LOG] [Fast Refresh] rebuilding @ http://localhost:3000/_next/static/chunks/node_modules_next_dist_0k8zr~w._.js:1226
[  262784ms] [LOG] [Fast Refresh] done in 132ms @ http://localhost:3000/_next/static/chunks/node_modules_next_dist_0k8zr~w._.js:1226
