[    1009ms] [INFO] %cDownload the React DevTools for a better development experience: https://react.dev/link/react-devtools font-weight:bold @ http://localhost:3002/_next/static/chunks/node_modules_react-dom_0bruynb._.js:15305
[    1078ms] [ERROR] Refused to execute script from 'http://localhost:3002/_next/static/development/_clientMiddlewareManifest.js' because its MIME type ('application/json') is not executable, and strict MIME type checking is enabled. @ http://localhost:3002/services/drywall:0
[    1084ms] [LOG] [HMR] connected @ http://localhost:3002/_next/static/chunks/node_modules_next_dist_0k8zr~w._.js:1226
[    2213ms] [WARNING] [Meta pixel] 1471794151322307 is unavailable on this website due to it's traffic permission settings. Go to https://www.facebook.com/business/help/572690630080597 to learn more. @ http://localhost:3002/_next/static/chunks/node_modules_next_dist_0k8zr~w._.js:1226
[    8253ms] [WARNING] The resource http://localhost:3002/assets/home-hero-bg.webp was preloaded using link preload but not used within a few seconds from the window's load event. Please make sure it has an appropriate `as` value and it is preloaded intentionally. @ http://localhost:3002/services/drywall:0
[   12242ms] [WARNING] The resource http://localhost:3002/assets/home-hero-bg.webp was preloaded using link preload but not used within a few seconds from the window's load event. Please make sure it has an appropriate `as` value and it is preloaded intentionally. @ http://localhost:3002/services/drywall:0
[   16253ms] [WARNING] The resource http://localhost:3002/assets/home-hero-bg.webp was preloaded using link preload but not used within a few seconds from the window's load event. Please make sure it has an appropriate `as` value and it is preloaded intentionally. @ http://localhost:3002/services/drywall:0
[   20248ms] [WARNING] The resource http://localhost:3002/assets/home-hero-bg.webp was preloaded using link preload but not used within a few seconds from the window's load event. Please make sure it has an appropriate `as` value and it is preloaded intentionally. @ http://localhost:3002/services/drywall:0
[   24253ms] [WARNING] The resource http://localhost:3002/assets/home-hero-bg.webp was preloaded using link preload but not used within a few seconds from the window's load event. Please make sure it has an appropriate `as` value and it is preloaded intentionally. @ http://localhost:3002/services/drywall:0
[   28264ms] [WARNING] The resource http://localhost:3002/assets/home-hero-bg.webp was preloaded using link preload but not used within a few seconds from the window's load event. Please make sure it has an appropriate `as` value and it is preloaded intentionally. @ http://localhost:3002/services/drywall:0
[   32275ms] [WARNING] The resource http://localhost:3002/assets/home-hero-bg.webp was preloaded using link preload but not used within a few seconds from the window's load event. Please make sure it has an appropriate `as` value and it is preloaded intentionally. @ http://localhost:3002/services/drywall:0
[   36251ms] [WARNING] The resource http://localhost:3002/assets/home-hero-bg.webp was preloaded using link preload but not used within a few seconds from the window's load event. Please make sure it has an appropriate `as` value and it is preloaded intentionally. @ http://localhost:3002/services/drywall:0
[   40259ms] [WARNING] The resource http://localhost:3002/assets/home-hero-bg.webp was preloaded using link preload but not used within a few seconds from the window's load event. Please make sure it has an appropriate `as` value and it is preloaded intentionally. @ http://localhost:3002/services/drywall:0
[   44255ms] [WARNING] The resource http://localhost:3002/assets/home-hero-bg.webp was preloaded using link preload but not used within a few seconds from the window's load event. Please make sure it has an appropriate `as` value and it is preloaded intentionally. @ http://localhost:3002/services/drywall:0
[   48253ms] [WARNING] The resource http://localhost:3002/assets/home-hero-bg.webp was preloaded using link preload but not used within a few seconds from the window's load event. Please make sure it has an appropriate `as` value and it is preloaded intentionally. @ http://localhost:3002/services/drywall:0
[   52256ms] [WARNING] The resource http://localhost:3002/assets/home-hero-bg.webp was preloaded using link preload but not used within a few seconds from the window's load event. Please make sure it has an appropriate `as` value and it is preloaded intentionally. @ http://localhost:3002/services/drywall:0
[   56251ms] [WARNING] The resource http://localhost:3002/assets/home-hero-bg.webp was preloaded using link preload but not used within a few seconds from the window's load event. Please make sure it has an appropriate `as` value and it is preloaded intentionally. @ http://localhost:3002/services/drywall:0
[   60254ms] [WARNING] The resource http://localhost:3002/assets/home-hero-bg.webp was preloaded using link preload but not used within a few seconds from the window's load event. Please make sure it has an appropriate `as` value and it is preloaded intentionally. @ http://localhost:3002/services/drywall:0
[   64259ms] [WARNING] The resource http://localhost:3002/assets/home-hero-bg.webp was preloaded using link preload but not used within a few seconds from the window's load event. Please make sure it has an appropriate `as` value and it is preloaded intentionally. @ http://localhost:3002/services/drywall:0
[   68258ms] [WARNING] The resource http://localhost:3002/assets/home-hero-bg.webp was preloaded using link preload but not used within a few seconds from the window's load event. Please make sure it has an appropriate `as` value and it is preloaded intentionally. @ http://localhost:3002/services/drywall:0
[   72257ms] [WARNING] The resource http://localhost:3002/assets/home-hero-bg.webp was preloaded using link preload but not used within a few seconds from the window's load event. Please make sure it has an appropriate `as` value and it is preloaded intentionally. @ http://localhost:3002/services/drywall:0
[   76260ms] [WARNING] The resource http://localhost:3002/assets/home-hero-bg.webp was preloaded using link preload but not used within a few seconds from the window's load event. Please make sure it has an appropriate `as` value and it is preloaded intentionally. @ http://localhost:3002/services/drywall:0
[   80268ms] [WARNING] The resource http://localhost:3002/assets/home-hero-bg.webp was preloaded using link preload but not used within a few seconds from the window's load event. Please make sure it has an appropriate `as` value and it is preloaded intentionally. @ http://localhost:3002/services/drywall:0
[   84257ms] [WARNING] The resource http://localhost:3002/assets/home-hero-bg.webp was preloaded using link preload but not used within a few seconds from the window's load event. Please make sure it has an appropriate `as` value and it is preloaded intentionally. @ http://localhost:3002/services/drywall:0
[   88252ms] [WARNING] The resource http://localhost:3002/assets/home-hero-bg.webp was preloaded using link preload but not used within a few seconds from the window's load event. Please make sure it has an appropriate `as` value and it is preloaded intentionally. @ http://localhost:3002/services/drywall:0
[   92253ms] [WARNING] The resource http://localhost:3002/assets/home-hero-bg.webp was preloaded using link preload but not used within a few seconds from the window's load event. Please make sure it has an appropriate `as` value and it is preloaded intentionally. @ http://localhost:3002/services/drywall:0
[   96254ms] [WARNING] The resource http://localhost:3002/assets/home-hero-bg.webp was preloaded using link preload but not used within a few seconds from the window's load event. Please make sure it has an appropriate `as` value and it is preloaded intentionally. @ http://localhost:3002/services/drywall:0
[  100251ms] [WARNING] The resource http://localhost:3002/assets/home-hero-bg.webp was preloaded using link preload but not used within a few seconds from the window's load event. Please make sure it has an appropriate `as` value and it is preloaded intentionally. @ http://localhost:3002/services/drywall:0
[  104263ms] [WARNING] The resource http://localhost:3002/assets/home-hero-bg.webp was preloaded using link preload but not used within a few seconds from the window's load event. Please make sure it has an appropriate `as` value and it is preloaded intentionally. @ http://localhost:3002/services/drywall:0
[  108266ms] [WARNING] The resource http://localhost:3002/assets/home-hero-bg.webp was preloaded using link preload but not used within a few seconds from the window's load event. Please make sure it has an appropriate `as` value and it is preloaded intentionally. @ http://localhost:3002/services/drywall:0
[  112271ms] [WARNING] The resource http://localhost:3002/assets/home-hero-bg.webp was preloaded using link preload but not used within a few seconds from the window's load event. Please make sure it has an appropriate `as` value and it is preloaded intentionally. @ http://localhost:3002/services/drywall:0
[  116262ms] [WARNING] The resource http://localhost:3002/assets/home-hero-bg.webp was preloaded using link preload but not used within a few seconds from the window's load event. Please make sure it has an appropriate `as` value and it is preloaded intentionally. @ http://localhost:3002/services/drywall:0
[  120279ms] [WARNING] The resource http://localhost:3002/assets/home-hero-bg.webp was preloaded using link preload but not used within a few seconds from the window's load event. Please make sure it has an appropriate `as` value and it is preloaded intentionally. @ http://localhost:3002/services/drywall:0
[  124252ms] [WARNING] The resource http://localhost:3002/assets/home-hero-bg.webp was preloaded using link preload but not used within a few seconds from the window's load event. Please make sure it has an appropriate `as` value and it is preloaded intentionally. @ http://localhost:3002/services/drywall:0
[  128266ms] [WARNING] The resource http://localhost:3002/assets/home-hero-bg.webp was preloaded using link preload but not used within a few seconds from the window's load event. Please make sure it has an appropriate `as` value and it is preloaded intentionally. @ http://localhost:3002/services/drywall:0
[  132266ms] [WARNING] The resource http://localhost:3002/assets/home-hero-bg.webp was preloaded using link preload but not used within a few seconds from the window's load event. Please make sure it has an appropriate `as` value and it is preloaded intentionally. @ http://localhost:3002/services/drywall:0
[  136253ms] [WARNING] The resource http://localhost:3002/assets/home-hero-bg.webp was preloaded using link preload but not used within a few seconds from the window's load event. Please make sure it has an appropriate `as` value and it is preloaded intentionally. @ http://localhost:3002/services/drywall:0
[  140252ms] [WARNING] The resource http://localhost:3002/assets/home-hero-bg.webp was preloaded using link preload but not used within a few seconds from the window's load event. Please make sure it has an appropriate `as` value and it is preloaded intentionally. @ http://localhost:3002/services/drywall:0
[  144252ms] [WARNING] The resource http://localhost:3002/assets/home-hero-bg.webp was preloaded using link preload but not used within a few seconds from the window's load event. Please make sure it has an appropriate `as` value and it is preloaded intentionally. @ http://localhost:3002/services/drywall:0
[  148252ms] [WARNING] The resource http://localhost:3002/assets/home-hero-bg.webp was preloaded using link preload but not used within a few seconds from the window's load event. Please make sure it has an appropriate `as` value and it is preloaded intentionally. @ http://localhost:3002/services/drywall:0
[  152252ms] [WARNING] The resource http://localhost:3002/assets/home-hero-bg.webp was preloaded using link preload but not used within a few seconds from the window's load event. Please make sure it has an appropriate `as` value and it is preloaded intentionally. @ http://localhost:3002/services/drywall:0
[  156252ms] [WARNING] The resource http://localhost:3002/assets/home-hero-bg.webp was preloaded using link preload but not used within a few seconds from the window's load event. Please make sure it has an appropriate `as` value and it is preloaded intentionally. @ http://localhost:3002/services/drywall:0
[  160252ms] [WARNING] The resource http://localhost:3002/assets/home-hero-bg.webp was preloaded using link preload but not used within a few seconds from the window's load event. Please make sure it has an appropriate `as` value and it is preloaded intentionally. @ http://localhost:3002/services/drywall:0
[  164252ms] [WARNING] The resource http://localhost:3002/assets/home-hero-bg.webp was preloaded using link preload but not used within a few seconds from the window's load event. Please make sure it has an appropriate `as` value and it is preloaded intentionally. @ http://localhost:3002/services/drywall:0
[  168254ms] [WARNING] The resource http://localhost:3002/assets/home-hero-bg.webp was preloaded using link preload but not used within a few seconds from the window's load event. Please make sure it has an appropriate `as` value and it is preloaded intentionally. @ http://localhost:3002/services/drywall:0
[  172261ms] [WARNING] The resource http://localhost:3002/assets/home-hero-bg.webp was preloaded using link preload but not used within a few seconds from the window's load event. Please make sure it has an appropriate `as` value and it is preloaded intentionally. @ http://localhost:3002/services/drywall:0
[  176253ms] [WARNING] The resource http://localhost:3002/assets/home-hero-bg.webp was preloaded using link preload but not used within a few seconds from the window's load event. Please make sure it has an appropriate `as` value and it is preloaded intentionally. @ http://localhost:3002/services/drywall:0
[  180263ms] [WARNING] The resource http://localhost:3002/assets/home-hero-bg.webp was preloaded using link preload but not used within a few seconds from the window's load event. Please make sure it has an appropriate `as` value and it is preloaded intentionally. @ http://localhost:3002/services/drywall:0
[  184264ms] [WARNING] The resource http://localhost:3002/assets/home-hero-bg.webp was preloaded using link preload but not used within a few seconds from the window's load event. Please make sure it has an appropriate `as` value and it is preloaded intentionally. @ http://localhost:3002/services/drywall:0
[  188256ms] [WARNING] The resource http://localhost:3002/assets/home-hero-bg.webp was preloaded using link preload but not used within a few seconds from the window's load event. Please make sure it has an appropriate `as` value and it is preloaded intentionally. @ http://localhost:3002/services/drywall:0
[  192247ms] [WARNING] The resource http://localhost:3002/assets/home-hero-bg.webp was preloaded using link preload but not used within a few seconds from the window's load event. Please make sure it has an appropriate `as` value and it is preloaded intentionally. @ http://localhost:3002/services/drywall:0
[  196250ms] [WARNING] The resource http://localhost:3002/assets/home-hero-bg.webp was preloaded using link preload but not used within a few seconds from the window's load event. Please make sure it has an appropriate `as` value and it is preloaded intentionally. @ http://localhost:3002/services/drywall:0
[  200250ms] [WARNING] The resource http://localhost:3002/assets/home-hero-bg.webp was preloaded using link preload but not used within a few seconds from the window's load event. Please make sure it has an appropriate `as` value and it is preloaded intentionally. @ http://localhost:3002/services/drywall:0
[  204247ms] [WARNING] The resource http://localhost:3002/assets/home-hero-bg.webp was preloaded using link preload but not used within a few seconds from the window's load event. Please make sure it has an appropriate `as` value and it is preloaded intentionally. @ http://localhost:3002/services/drywall:0
[  208255ms] [WARNING] The resource http://localhost:3002/assets/home-hero-bg.webp was preloaded using link preload but not used within a few seconds from the window's load event. Please make sure it has an appropriate `as` value and it is preloaded intentionally. @ http://localhost:3002/services/drywall:0
[  212252ms] [WARNING] The resource http://localhost:3002/assets/home-hero-bg.webp was preloaded using link preload but not used within a few seconds from the window's load event. Please make sure it has an appropriate `as` value and it is preloaded intentionally. @ http://localhost:3002/services/drywall:0
[  216251ms] [WARNING] The resource http://localhost:3002/assets/home-hero-bg.webp was preloaded using link preload but not used within a few seconds from the window's load event. Please make sure it has an appropriate `as` value and it is preloaded intentionally. @ http://localhost:3002/services/drywall:0
[  220249ms] [WARNING] The resource http://localhost:3002/assets/home-hero-bg.webp was preloaded using link preload but not used within a few seconds from the window's load event. Please make sure it has an appropriate `as` value and it is preloaded intentionally. @ http://localhost:3002/services/drywall:0
[  224254ms] [WARNING] The resource http://localhost:3002/assets/home-hero-bg.webp was preloaded using link preload but not used within a few seconds from the window's load event. Please make sure it has an appropriate `as` value and it is preloaded intentionally. @ http://localhost:3002/services/drywall:0
[  228254ms] [WARNING] The resource http://localhost:3002/assets/home-hero-bg.webp was preloaded using link preload but not used within a few seconds from the window's load event. Please make sure it has an appropriate `as` value and it is preloaded intentionally. @ http://localhost:3002/services/drywall:0
[  232257ms] [WARNING] The resource http://localhost:3002/assets/home-hero-bg.webp was preloaded using link preload but not used within a few seconds from the window's load event. Please make sure it has an appropriate `as` value and it is preloaded intentionally. @ http://localhost:3002/services/drywall:0
[  236251ms] [WARNING] The resource http://localhost:3002/assets/home-hero-bg.webp was preloaded using link preload but not used within a few seconds from the window's load event. Please make sure it has an appropriate `as` value and it is preloaded intentionally. @ http://localhost:3002/services/drywall:0
[  240256ms] [WARNING] The resource http://localhost:3002/assets/home-hero-bg.webp was preloaded using link preload but not used within a few seconds from the window's load event. Please make sure it has an appropriate `as` value and it is preloaded intentionally. @ http://localhost:3002/services/drywall:0
[  244254ms] [WARNING] The resource http://localhost:3002/assets/home-hero-bg.webp was preloaded using link preload but not used within a few seconds from the window's load event. Please make sure it has an appropriate `as` value and it is preloaded intentionally. @ http://localhost:3002/services/drywall:0
[  248255ms] [WARNING] The resource http://localhost:3002/assets/home-hero-bg.webp was preloaded using link preload but not used within a few seconds from the window's load event. Please make sure it has an appropriate `as` value and it is preloaded intentionally. @ http://localhost:3002/services/drywall:0
[  252253ms] [WARNING] The resource http://localhost:3002/assets/home-hero-bg.webp was preloaded using link preload but not used within a few seconds from the window's load event. Please make sure it has an appropriate `as` value and it is preloaded intentionally. @ http://localhost:3002/services/drywall:0
[  256271ms] [WARNING] The resource http://localhost:3002/assets/home-hero-bg.webp was preloaded using link preload but not used within a few seconds from the window's load event. Please make sure it has an appropriate `as` value and it is preloaded intentionally. @ http://localhost:3002/services/drywall:0
[  260246ms] [WARNING] The resource http://localhost:3002/assets/home-hero-bg.webp was preloaded using link preload but not used within a few seconds from the window's load event. Please make sure it has an appropriate `as` value and it is preloaded intentionally. @ http://localhost:3002/services/drywall:0
[  264264ms] [WARNING] The resource http://localhost:3002/assets/home-hero-bg.webp was preloaded using link preload but not used within a few seconds from the window's load event. Please make sure it has an appropriate `as` value and it is preloaded intentionally. @ http://localhost:3002/services/drywall:0
[  268255ms] [WARNING] The resource http://localhost:3002/assets/home-hero-bg.webp was preloaded using link preload but not used within a few seconds from the window's load event. Please make sure it has an appropriate `as` value and it is preloaded intentionally. @ http://localhost:3002/services/drywall:0
[  272262ms] [WARNING] The resource http://localhost:3002/assets/home-hero-bg.webp was preloaded using link preload but not used within a few seconds from the window's load event. Please make sure it has an appropriate `as` value and it is preloaded intentionally. @ http://localhost:3002/services/drywall:0
[  276256ms] [WARNING] The resource http://localhost:3002/assets/home-hero-bg.webp was preloaded using link preload but not used within a few seconds from the window's load event. Please make sure it has an appropriate `as` value and it is preloaded intentionally. @ http://localhost:3002/services/drywall:0
[  280256ms] [WARNING] The resource http://localhost:3002/assets/home-hero-bg.webp was preloaded using link preload but not used within a few seconds from the window's load event. Please make sure it has an appropriate `as` value and it is preloaded intentionally. @ http://localhost:3002/services/drywall:0
[  284245ms] [WARNING] The resource http://localhost:3002/assets/home-hero-bg.webp was preloaded using link preload but not used within a few seconds from the window's load event. Please make sure it has an appropriate `as` value and it is preloaded intentionally. @ http://localhost:3002/services/drywall:0
[  288249ms] [WARNING] The resource http://localhost:3002/assets/home-hero-bg.webp was preloaded using link preload but not used within a few seconds from the window's load event. Please make sure it has an appropriate `as` value and it is preloaded intentionally. @ http://localhost:3002/services/drywall:0
[  292268ms] [WARNING] The resource http://localhost:3002/assets/home-hero-bg.webp was preloaded using link preload but not used within a few seconds from the window's load event. Please make sure it has an appropriate `as` value and it is preloaded intentionally. @ http://localhost:3002/services/drywall:0
[  296274ms] [WARNING] The resource http://localhost:3002/assets/home-hero-bg.webp was preloaded using link preload but not used within a few seconds from the window's load event. Please make sure it has an appropriate `as` value and it is preloaded intentionally. @ http://localhost:3002/services/drywall:0
[  300248ms] [WARNING] The resource http://localhost:3002/assets/home-hero-bg.webp was preloaded using link preload but not used within a few seconds from the window's load event. Please make sure it has an appropriate `as` value and it is preloaded intentionally. @ http://localhost:3002/services/drywall:0
[  304263ms] [WARNING] The resource http://localhost:3002/assets/home-hero-bg.webp was preloaded using link preload but not used within a few seconds from the window's load event. Please make sure it has an appropriate `as` value and it is preloaded intentionally. @ http://localhost:3002/services/drywall:0
[  308250ms] [WARNING] The resource http://localhost:3002/assets/home-hero-bg.webp was preloaded using link preload but not used within a few seconds from the window's load event. Please make sure it has an appropriate `as` value and it is preloaded intentionally. @ http://localhost:3002/services/drywall:0
[  312266ms] [WARNING] The resource http://localhost:3002/assets/home-hero-bg.webp was preloaded using link preload but not used within a few seconds from the window's load event. Please make sure it has an appropriate `as` value and it is preloaded intentionally. @ http://localhost:3002/services/drywall:0
[  316249ms] [WARNING] The resource http://localhost:3002/assets/home-hero-bg.webp was preloaded using link preload but not used within a few seconds from the window's load event. Please make sure it has an appropriate `as` value and it is preloaded intentionally. @ http://localhost:3002/services/drywall:0
[  320248ms] [WARNING] The resource http://localhost:3002/assets/home-hero-bg.webp was preloaded using link preload but not used within a few seconds from the window's load event. Please make sure it has an appropriate `as` value and it is preloaded intentionally. @ http://localhost:3002/services/drywall:0
[  324251ms] [WARNING] The resource http://localhost:3002/assets/home-hero-bg.webp was preloaded using link preload but not used within a few seconds from the window's load event. Please make sure it has an appropriate `as` value and it is preloaded intentionally. @ http://localhost:3002/services/drywall:0
[  328258ms] [WARNING] The resource http://localhost:3002/assets/home-hero-bg.webp was preloaded using link preload but not used within a few seconds from the window's load event. Please make sure it has an appropriate `as` value and it is preloaded intentionally. @ http://localhost:3002/services/drywall:0
[  332249ms] [WARNING] The resource http://localhost:3002/assets/home-hero-bg.webp was preloaded using link preload but not used within a few seconds from the window's load event. Please make sure it has an appropriate `as` value and it is preloaded intentionally. @ http://localhost:3002/services/drywall:0
[  336254ms] [WARNING] The resource http://localhost:3002/assets/home-hero-bg.webp was preloaded using link preload but not used within a few seconds from the window's load event. Please make sure it has an appropriate `as` value and it is preloaded intentionally. @ http://localhost:3002/services/drywall:0
[  340250ms] [WARNING] The resource http://localhost:3002/assets/home-hero-bg.webp was preloaded using link preload but not used within a few seconds from the window's load event. Please make sure it has an appropriate `as` value and it is preloaded intentionally. @ http://localhost:3002/services/drywall:0
[  344251ms] [WARNING] The resource http://localhost:3002/assets/home-hero-bg.webp was preloaded using link preload but not used within a few seconds from the window's load event. Please make sure it has an appropriate `as` value and it is preloaded intentionally. @ http://localhost:3002/services/drywall:0
[  348251ms] [WARNING] The resource http://localhost:3002/assets/home-hero-bg.webp was preloaded using link preload but not used within a few seconds from the window's load event. Please make sure it has an appropriate `as` value and it is preloaded intentionally. @ http://localhost:3002/services/drywall:0
[  352254ms] [WARNING] The resource http://localhost:3002/assets/home-hero-bg.webp was preloaded using link preload but not used within a few seconds from the window's load event. Please make sure it has an appropriate `as` value and it is preloaded intentionally. @ http://localhost:3002/services/drywall:0
[  356250ms] [WARNING] The resource http://localhost:3002/assets/home-hero-bg.webp was preloaded using link preload but not used within a few seconds from the window's load event. Please make sure it has an appropriate `as` value and it is preloaded intentionally. @ http://localhost:3002/services/drywall:0
[  360259ms] [WARNING] The resource http://localhost:3002/assets/home-hero-bg.webp was preloaded using link preload but not used within a few seconds from the window's load event. Please make sure it has an appropriate `as` value and it is preloaded intentionally. @ http://localhost:3002/services/drywall:0
[  364251ms] [WARNING] The resource http://localhost:3002/assets/home-hero-bg.webp was preloaded using link preload but not used within a few seconds from the window's load event. Please make sure it has an appropriate `as` value and it is preloaded intentionally. @ http://localhost:3002/services/drywall:0
[  368248ms] [WARNING] The resource http://localhost:3002/assets/home-hero-bg.webp was preloaded using link preload but not used within a few seconds from the window's load event. Please make sure it has an appropriate `as` value and it is preloaded intentionally. @ http://localhost:3002/services/drywall:0
[  372253ms] [WARNING] The resource http://localhost:3002/assets/home-hero-bg.webp was preloaded using link preload but not used within a few seconds from the window's load event. Please make sure it has an appropriate `as` value and it is preloaded intentionally. @ http://localhost:3002/services/drywall:0
[  376255ms] [WARNING] The resource http://localhost:3002/assets/home-hero-bg.webp was preloaded using link preload but not used within a few seconds from the window's load event. Please make sure it has an appropriate `as` value and it is preloaded intentionally. @ http://localhost:3002/services/drywall:0
[  380247ms] [WARNING] The resource http://localhost:3002/assets/home-hero-bg.webp was preloaded using link preload but not used within a few seconds from the window's load event. Please make sure it has an appropriate `as` value and it is preloaded intentionally. @ http://localhost:3002/services/drywall:0
[  384254ms] [WARNING] The resource http://localhost:3002/assets/home-hero-bg.webp was preloaded using link preload but not used within a few seconds from the window's load event. Please make sure it has an appropriate `as` value and it is preloaded intentionally. @ http://localhost:3002/services/drywall:0
[  388263ms] [WARNING] The resource http://localhost:3002/assets/home-hero-bg.webp was preloaded using link preload but not used within a few seconds from the window's load event. Please make sure it has an appropriate `as` value and it is preloaded intentionally. @ http://localhost:3002/services/drywall:0
[  392248ms] [WARNING] The resource http://localhost:3002/assets/home-hero-bg.webp was preloaded using link preload but not used within a few seconds from the window's load event. Please make sure it has an appropriate `as` value and it is preloaded intentionally. @ http://localhost:3002/services/drywall:0
[  396247ms] [WARNING] The resource http://localhost:3002/assets/home-hero-bg.webp was preloaded using link preload but not used within a few seconds from the window's load event. Please make sure it has an appropriate `as` value and it is preloaded intentionally. @ http://localhost:3002/services/drywall:0
[  400272ms] [WARNING] The resource http://localhost:3002/assets/home-hero-bg.webp was preloaded using link preload but not used within a few seconds from the window's load event. Please make sure it has an appropriate `as` value and it is preloaded intentionally. @ http://localhost:3002/services/drywall:0
[  404252ms] [WARNING] The resource http://localhost:3002/assets/home-hero-bg.webp was preloaded using link preload but not used within a few seconds from the window's load event. Please make sure it has an appropriate `as` value and it is preloaded intentionally. @ http://localhost:3002/services/drywall:0
[  408252ms] [WARNING] The resource http://localhost:3002/assets/home-hero-bg.webp was preloaded using link preload but not used within a few seconds from the window's load event. Please make sure it has an appropriate `as` value and it is preloaded intentionally. @ http://localhost:3002/services/drywall:0
[  412252ms] [WARNING] The resource http://localhost:3002/assets/home-hero-bg.webp was preloaded using link preload but not used within a few seconds from the window's load event. Please make sure it has an appropriate `as` value and it is preloaded intentionally. @ http://localhost:3002/services/drywall:0
[  413564ms] [LOG] Refreshing page data due to server-side change @ http://localhost:3002/_next/static/chunks/node_modules_next_dist_0k8zr~w._.js:1226
[  413636ms] [LOG] [Fast Refresh] rebuilding @ http://localhost:3002/_next/static/chunks/node_modules_next_dist_0k8zr~w._.js:1226
[  413853ms] [LOG] [Fast Refresh] done in 283ms @ http://localhost:3002/_next/static/chunks/node_modules_next_dist_0k8zr~w._.js:1226
[  417841ms] [WARNING] The resource http://localhost:3002/assets/home-hero-bg.webp was preloaded using link preload but not used within a few seconds from the window's load event. Please make sure it has an appropriate `as` value and it is preloaded intentionally. @ http://localhost:3002/services/drywall:0
[ 2007285ms] [WARNING] The resource http://localhost:3002/assets/home-hero-bg.webp was preloaded using link preload but not used within a few seconds from the window's load event. Please make sure it has an appropriate `as` value and it is preloaded intentionally. @ http://localhost:3002/services/drywall:0
[ 2513684ms] [ERROR] WebSocket connection to 'ws://localhost:3002/_next/webpack-hmr' failed: Error in connection establishment: net::ERR_CONNECTION_REFUSED @ http://localhost:3002/_next/static/chunks/node_modules_next_dist_client_0pe1dg-._.js:2343
[ 2517030ms] [ERROR] WebSocket connection to 'ws://localhost:3002/_next/webpack-hmr' failed: Error in connection establishment: net::ERR_CONNECTION_REFUSED @ http://localhost:3002/_next/static/chunks/node_modules_next_dist_client_0pe1dg-._.js:2343
[ 2520379ms] [ERROR] WebSocket connection to 'ws://localhost:3002/_next/webpack-hmr' failed: Error in connection establishment: net::ERR_CONNECTION_REFUSED @ http://localhost:3002/_next/static/chunks/node_modules_next_dist_client_0pe1dg-._.js:2343
[ 2523704ms] [ERROR] WebSocket connection to 'ws://localhost:3002/_next/webpack-hmr' failed: Error in connection establishment: net::ERR_CONNECTION_REFUSED @ http://localhost:3002/_next/static/chunks/node_modules_next_dist_client_0pe1dg-._.js:2343
[ 2527025ms] [ERROR] WebSocket connection to 'ws://localhost:3002/_next/webpack-hmr' failed: Error in connection establishment: net::ERR_CONNECTION_REFUSED @ http://localhost:3002/_next/static/chunks/node_modules_next_dist_client_0pe1dg-._.js:2343
[ 2534343ms] [ERROR] WebSocket connection to 'ws://localhost:3002/_next/webpack-hmr' failed: Error in connection establishment: net::ERR_CONNECTION_REFUSED @ http://localhost:3002/_next/static/chunks/node_modules_next_dist_client_0pe1dg-._.js:2343
[ 2541677ms] [ERROR] WebSocket connection to 'ws://localhost:3002/_next/webpack-hmr' failed: Error in connection establishment: net::ERR_CONNECTION_REFUSED @ http://localhost:3002/_next/static/chunks/node_modules_next_dist_client_0pe1dg-._.js:2343
[ 2549014ms] [ERROR] WebSocket connection to 'ws://localhost:3002/_next/webpack-hmr' failed: Error in connection establishment: net::ERR_CONNECTION_REFUSED @ http://localhost:3002/_next/static/chunks/node_modules_next_dist_client_0pe1dg-._.js:2343
[ 2556347ms] [ERROR] WebSocket connection to 'ws://localhost:3002/_next/webpack-hmr' failed: Error in connection establishment: net::ERR_CONNECTION_REFUSED @ http://localhost:3002/_next/static/chunks/node_modules_next_dist_client_0pe1dg-._.js:2343
[ 2563726ms] [ERROR] WebSocket connection to 'ws://localhost:3002/_next/webpack-hmr' failed: Error in connection establishment: net::ERR_CONNECTION_REFUSED @ http://localhost:3002/_next/static/chunks/node_modules_next_dist_client_0pe1dg-._.js:2343
[ 2571079ms] [ERROR] WebSocket connection to 'ws://localhost:3002/_next/webpack-hmr' failed: Error in connection establishment: net::ERR_CONNECTION_REFUSED @ http://localhost:3002/_next/static/chunks/node_modules_next_dist_client_0pe1dg-._.js:2343
[ 2578499ms] [ERROR] WebSocket connection to 'ws://localhost:3002/_next/webpack-hmr' failed: Error in connection establishment: net::ERR_CONNECTION_REFUSED @ http://localhost:3002/_next/static/chunks/node_modules_next_dist_client_0pe1dg-._.js:2343
