[    1509ms] [INFO] %cDownload the React DevTools for a better development experience: https://react.dev/link/react-devtools font-weight:bold @ http://localhost:3000/_next/static/chunks/node_modules_react-dom_0bruynb._.js:15305
[    1542ms] [ERROR] Refused to execute script from 'http://localhost:3000/_next/static/development/_clientMiddlewareManifest.js' because its MIME type ('application/json') is not executable, and strict MIME type checking is enabled. @ http://localhost:3000/:0
[    1550ms] [LOG] [HMR] connected @ http://localhost:3000/_next/static/chunks/node_modules_next_dist_0k8zr~w._.js:1226
[    1782ms] [WARNING] Image with src "/google-logo.png" has either width or height modified, but not the other. If you use CSS to change the size of your image, also include the styles 'width: "auto"' or 'height: "auto"' to maintain the aspect ratio. @ http://localhost:3000/_next/static/chunks/node_modules_next_dist_0k8zr~w._.js:1226
[    2428ms] [WARNING] [Meta pixel] 1471794151322307 is unavailable on this website due to it's traffic permission settings. Go to https://www.facebook.com/business/help/572690630080597 to learn more. @ http://localhost:3000/_next/static/chunks/node_modules_next_dist_0k8zr~w._.js:1226
[  923317ms] [LOG] [Fast Refresh] rebuilding @ http://localhost:3000/_next/static/chunks/node_modules_next_dist_0k8zr~w._.js:1226
[  923349ms] [LOG] [Fast Refresh] done in 140ms @ http://localhost:3000/_next/static/chunks/node_modules_next_dist_0k8zr~w._.js:1226
[ 3835736ms] [LOG] [Fast Refresh] rebuilding @ http://localhost:3000/_next/static/chunks/node_modules_next_dist_0k8zr~w._.js:1226
[ 3835970ms] [LOG] [Fast Refresh] done in 298ms @ http://localhost:3000/_next/static/chunks/node_modules_next_dist_0k8zr~w._.js:1226
[ 3911451ms] [LOG] [Fast Refresh] rebuilding @ http://localhost:3000/_next/static/chunks/node_modules_next_dist_0k8zr~w._.js:1226
[ 3911546ms] [LOG] [Fast Refresh] done in 197ms @ http://localhost:3000/_next/static/chunks/node_modules_next_dist_0k8zr~w._.js:1226
[ 3917031ms] [LOG] [Fast Refresh] rebuilding @ http://localhost:3000/_next/static/chunks/node_modules_next_dist_0k8zr~w._.js:1226
[ 3917644ms] [LOG] [Fast Refresh] done in 712ms @ http://localhost:3000/_next/static/chunks/node_modules_next_dist_0k8zr~w._.js:1226
[ 3975296ms] [LOG] [Fast Refresh] rebuilding @ http://localhost:3000/_next/static/chunks/node_modules_next_dist_0k8zr~w._.js:1226
[ 3975375ms] [LOG] [Fast Refresh] done in 183ms @ http://localhost:3000/_next/static/chunks/node_modules_next_dist_0k8zr~w._.js:1226
[ 4142360ms] [LOG] [Fast Refresh] rebuilding @ http://localhost:3000/_next/static/chunks/node_modules_next_dist_0k8zr~w._.js:1226
[ 4142405ms] [LOG] [Fast Refresh] done in 151ms @ http://localhost:3000/_next/static/chunks/node_modules_next_dist_0k8zr~w._.js:1226
[ 4142885ms] [LOG] [Fast Refresh] rebuilding @ http://localhost:3000/_next/static/chunks/node_modules_next_dist_0k8zr~w._.js:1226
[ 4142926ms] [LOG] [Fast Refresh] done in 157ms @ http://localhost:3000/_next/static/chunks/node_modules_next_dist_0k8zr~w._.js:1226
[ 4423241ms] [LOG] [Fast Refresh] rebuilding @ http://localhost:3000/_next/static/chunks/node_modules_next_dist_0k8zr~w._.js:1226
[ 4423473ms] [LOG] [Fast Refresh] done in 246ms @ http://localhost:3000/_next/static/chunks/node_modules_next_dist_0k8zr~w._.js:1226
[ 5090012ms] [LOG] [Fast Refresh] rebuilding @ http://localhost:3000/_next/static/chunks/node_modules_next_dist_0k8zr~w._.js:1226
[ 5090171ms] [LOG] [Fast Refresh] done in 202ms @ http://localhost:3000/_next/static/chunks/node_modules_next_dist_0k8zr~w._.js:1226
[ 5106477ms] [LOG] [Fast Refresh] rebuilding @ http://localhost:3000/_next/static/chunks/node_modules_next_dist_0k8zr~w._.js:1226
[ 5106588ms] [LOG] [Fast Refresh] done in 179ms @ http://localhost:3000/_next/static/chunks/node_modules_next_dist_0k8zr~w._.js:1226
[ 5122103ms] [LOG] [Fast Refresh] rebuilding @ http://localhost:3000/_next/static/chunks/node_modules_next_dist_0k8zr~w._.js:1226
[ 5122277ms] [LOG] [Fast Refresh] done in 200ms @ http://localhost:3000/_next/static/chunks/node_modules_next_dist_0k8zr~w._.js:1226
[ 5136653ms] [LOG] [Fast Refresh] rebuilding @ http://localhost:3000/_next/static/chunks/node_modules_next_dist_0k8zr~w._.js:1226
[ 5136695ms] [LOG] [Fast Refresh] done in 145ms @ http://localhost:3000/_next/static/chunks/node_modules_next_dist_0k8zr~w._.js:1226
[ 5240508ms] [LOG] [Fast Refresh] rebuilding @ http://localhost:3000/_next/static/chunks/node_modules_next_dist_0k8zr~w._.js:1226
[ 5240769ms] [LOG] [Fast Refresh] done in 322ms @ http://localhost:3000/_next/static/chunks/node_modules_next_dist_0k8zr~w._.js:1226
[ 5259390ms] [LOG] [Fast Refresh] rebuilding @ http://localhost:3000/_next/static/chunks/node_modules_next_dist_0k8zr~w._.js:1226
[ 5259496ms] [LOG] [Fast Refresh] done in 210ms @ http://localhost:3000/_next/static/chunks/node_modules_next_dist_0k8zr~w._.js:1226
[ 5327579ms] [LOG] [Fast Refresh] rebuilding @ http://localhost:3000/_next/static/chunks/node_modules_next_dist_0k8zr~w._.js:1226
[ 5327651ms] [LOG] [Fast Refresh] done in 146ms @ http://localhost:3000/_next/static/chunks/node_modules_next_dist_0k8zr~w._.js:1226
[ 5333662ms] [LOG] [Fast Refresh] rebuilding @ http://localhost:3000/_next/static/chunks/node_modules_next_dist_0k8zr~w._.js:1226
[ 5333759ms] [LOG] [Fast Refresh] done in 176ms @ http://localhost:3000/_next/static/chunks/node_modules_next_dist_0k8zr~w._.js:1226
[ 5338016ms] [LOG] [Fast Refresh] rebuilding @ http://localhost:3000/_next/static/chunks/node_modules_next_dist_0k8zr~w._.js:1226
[ 5338063ms] [LOG] [Fast Refresh] done in 152ms @ http://localhost:3000/_next/static/chunks/node_modules_next_dist_0k8zr~w._.js:1226
[ 5468797ms] [LOG] [Fast Refresh] rebuilding @ http://localhost:3000/_next/static/chunks/node_modules_next_dist_0k8zr~w._.js:1226
[ 5468974ms] [LOG] [Fast Refresh] done in 220ms @ http://localhost:3000/_next/static/chunks/node_modules_next_dist_0k8zr~w._.js:1226
[ 5498326ms] [LOG] [Fast Refresh] rebuilding @ http://localhost:3000/_next/static/chunks/node_modules_next_dist_0k8zr~w._.js:1226
[ 5498437ms] [LOG] [Fast Refresh] done in 215ms @ http://localhost:3000/_next/static/chunks/node_modules_next_dist_0k8zr~w._.js:1226
[ 5955781ms] [LOG] [Fast Refresh] rebuilding @ http://localhost:3000/_next/static/chunks/node_modules_next_dist_0k8zr~w._.js:1226
[ 5955799ms] [LOG] [Fast Refresh] done in 121ms @ http://localhost:3000/_next/static/chunks/node_modules_next_dist_0k8zr~w._.js:1226
[10926528ms] [ERROR] WebSocket connection to 'ws://localhost:3000/_next/webpack-hmr' failed: Error in connection establishment: net::ERR_CONNECTION_REFUSED @ http://localhost:3000/_next/static/chunks/node_modules_next_dist_client_0pe1dg-._.js:2343
[10929885ms] [ERROR] WebSocket connection to 'ws://localhost:3000/_next/webpack-hmr' failed: Error in connection establishment: net::ERR_CONNECTION_REFUSED @ http://localhost:3000/_next/static/chunks/node_modules_next_dist_client_0pe1dg-._.js:2343
[10933228ms] [ERROR] WebSocket connection to 'ws://localhost:3000/_next/webpack-hmr' failed: Error in connection establishment: net::ERR_CONNECTION_REFUSED @ http://localhost:3000/_next/static/chunks/node_modules_next_dist_client_0pe1dg-._.js:2343
[10936588ms] [ERROR] WebSocket connection to 'ws://localhost:3000/_next/webpack-hmr' failed: Error in connection establishment: net::ERR_CONNECTION_REFUSED @ http://localhost:3000/_next/static/chunks/node_modules_next_dist_client_0pe1dg-._.js:2343
[10939222ms] [LOG] [HMR] connected @ http://localhost:3000/_next/static/chunks/node_modules_next_dist_0k8zr~w._.js:1226
[10943686ms] [INFO] %cDownload the React DevTools for a better development experience: https://react.dev/link/react-devtools font-weight:bold @ http://localhost:3000/_next/static/chunks/0olz_next_dist_0v4l4xr._.js:2477
[10943854ms] [LOG] [HMR] connected @ http://localhost:3000/_next/static/chunks/0olz_next_dist_0v4l4xr._.js:2477
[10943944ms] [WARNING] Image with src "http://localhost:3000/vercel.svg" has either width or height modified, but not the other. If you use CSS to change the size of your image, also include the styles 'width: "auto"' or 'height: "auto"' to maintain the aspect ratio. @ http://localhost:3000/_next/static/chunks/0olz_next_dist_0v4l4xr._.js:2477
[10943988ms] [LOG] [Fast Refresh] rebuilding @ http://localhost:3000/_next/static/chunks/0olz_next_dist_0v4l4xr._.js:2477
[10943994ms] [LOG] [Fast Refresh] done in 109ms @ http://localhost:3000/_next/static/chunks/0olz_next_dist_0v4l4xr._.js:2477
[11292490ms] [ERROR] WebSocket connection to 'ws://localhost:3000/_next/webpack-hmr?id=cs1xzuN8EpwncTHBwSVlV' failed: Error in connection establishment: net::ERR_CONNECTION_REFUSED @ http://localhost:3000/_next/static/chunks/0olz_next_dist_client_04jrj77._.js:13322
[11295841ms] [ERROR] WebSocket connection to 'ws://localhost:3000/_next/webpack-hmr?id=cs1xzuN8EpwncTHBwSVlV' failed: Error in connection establishment: net::ERR_CONNECTION_REFUSED @ http://localhost:3000/_next/static/chunks/0olz_next_dist_client_04jrj77._.js:13322
[11299203ms] [ERROR] WebSocket connection to 'ws://localhost:3000/_next/webpack-hmr?id=cs1xzuN8EpwncTHBwSVlV' failed: Error in connection establishment: net::ERR_CONNECTION_REFUSED @ http://localhost:3000/_next/static/chunks/0olz_next_dist_client_04jrj77._.js:13322
[11302549ms] [ERROR] WebSocket connection to 'ws://localhost:3000/_next/webpack-hmr?id=cs1xzuN8EpwncTHBwSVlV' failed: Error in connection establishment: net::ERR_CONNECTION_REFUSED @ http://localhost:3000/_next/static/chunks/0olz_next_dist_client_04jrj77._.js:13322
[11304718ms] [LOG] [HMR] connected @ http://localhost:3000/_next/static/chunks/0olz_next_dist_0v4l4xr._.js:2477
[11305612ms] [INFO] %cDownload the React DevTools for a better development experience: https://react.dev/link/react-devtools font-weight:bold @ http://localhost:3000/_next/static/chunks/0olz_next_dist_0v4l4xr._.js:2477
[11305662ms] [LOG] [HMR] connected @ http://localhost:3000/_next/static/chunks/0olz_next_dist_0v4l4xr._.js:2477
[11305762ms] [WARNING] Image with src "http://localhost:3000/vercel.svg" has either width or height modified, but not the other. If you use CSS to change the size of your image, also include the styles 'width: "auto"' or 'height: "auto"' to maintain the aspect ratio. @ http://localhost:3000/_next/static/chunks/0olz_next_dist_0v4l4xr._.js:2477
[11435926ms] [LOG] [Fast Refresh] rebuilding @ http://localhost:3000/_next/static/chunks/0olz_next_dist_0v4l4xr._.js:2477
[11436242ms] [ERROR] ./animation-app/app/page.tsx:1:1
Module not found: Can't resolve '@/components/InteractiveHouseExperience'
> 1 | import InteractiveHouseExperience from "@/components/InteractiveHouseExperience";
    | ^^^^^^^^^^^^^^^^^^^^^^^^^^^^^^^^^^^^^^^^^^^^^^^^^^^^^^^^^^^^^^^^^^^^^^^^^^^^^^^^^
  2 |
  3 | export default function Home() {
  4 |   return <InteractiveHouseExperience />;

Import map: aliased to relative './components/InteractiveHouseExperience' inside of [project]/animation-app

https://nextjs.org/docs/messages/module-not-found @ http://localhost:3000/_next/static/chunks/0olz_next_dist_0v4l4xr._.js:3318
[11436310ms] [ERROR] ./animation-app/app/page.tsx:1:1
Module not found: Can't resolve '@/components/InteractiveHouseExperience'
> 1 | import InteractiveHouseExperience from "@/components/InteractiveHouseExperience";
    | ^^^^^^^^^^^^^^^^^^^^^^^^^^^^^^^^^^^^^^^^^^^^^^^^^^^^^^^^^^^^^^^^^^^^^^^^^^^^^^^^^
  2 |
  3 | export default function Home() {
  4 |   return <InteractiveHouseExperience />;

Import map: aliased to relative './components/InteractiveHouseExperience' inside of [project]/animation-app

https://nextjs.org/docs/messages/module-not-found @ http://localhost:3000/_next/static/chunks/0olz_next_dist_0v4l4xr._.js:3318
[11436426ms] [LOG] [Fast Refresh] rebuilding @ http://localhost:3000/_next/static/chunks/0olz_next_dist_0v4l4xr._.js:2477
[11436763ms] [ERROR] ./animation-app/app/page.tsx:1:1
Module not found: Can't resolve '@/components/InteractiveHouseExperience'
> 1 | import InteractiveHouseExperience from "@/components/InteractiveHouseExperience";
    | ^^^^^^^^^^^^^^^^^^^^^^^^^^^^^^^^^^^^^^^^^^^^^^^^^^^^^^^^^^^^^^^^^^^^^^^^^^^^^^^^^
  2 |
  3 | export default function Home() {
  4 |   return <InteractiveHouseExperience />;

Import map: aliased to relative './components/InteractiveHouseExperience' inside of [project]/animation-app

https://nextjs.org/docs/messages/module-not-found @ http://localhost:3000/_next/static/chunks/0olz_next_dist_0v4l4xr._.js:3318
[11436819ms] [ERROR] ./animation-app/app/page.tsx:1:1
Module not found: Can't resolve '@/components/InteractiveHouseExperience'
> 1 | import InteractiveHouseExperience from "@/components/InteractiveHouseExperience";
    | ^^^^^^^^^^^^^^^^^^^^^^^^^^^^^^^^^^^^^^^^^^^^^^^^^^^^^^^^^^^^^^^^^^^^^^^^^^^^^^^^^
  2 |
  3 | export default function Home() {
  4 |   return <InteractiveHouseExperience />;

Import map: aliased to relative './components/InteractiveHouseExperience' inside of [project]/animation-app

https://nextjs.org/docs/messages/module-not-found @ http://localhost:3000/_next/static/chunks/0olz_next_dist_0v4l4xr._.js:3318
[11436928ms] [LOG] [Fast Refresh] rebuilding @ http://localhost:3000/_next/static/chunks/0olz_next_dist_0v4l4xr._.js:2477
[11437458ms] [ERROR] ./animation-app/app/page.tsx:1:1
Module not found: Can't resolve '@/components/InteractiveHouseExperience'
> 1 | import InteractiveHouseExperience from "@/components/InteractiveHouseExperience";
    | ^^^^^^^^^^^^^^^^^^^^^^^^^^^^^^^^^^^^^^^^^^^^^^^^^^^^^^^^^^^^^^^^^^^^^^^^^^^^^^^^^
  2 |
  3 | export default function Home() {
  4 |   return <InteractiveHouseExperience />;

Import map: aliased to relative './components/InteractiveHouseExperience' inside of [project]/animation-app

https://nextjs.org/docs/messages/module-not-found @ http://localhost:3000/_next/static/chunks/0olz_next_dist_0v4l4xr._.js:3318
[11437459ms] [ERROR] Failed to load resource: the server responded with a status of 500 (Internal Server Error) @ http://localhost:3000/?_rsc=q3mOO9BClNZHexY7:0
[11437463ms] [ERROR] ./animation-app/app/page.tsx:1:1
Module not found: Can't resolve '@/components/InteractiveHouseExperience'
> 1 | import InteractiveHouseExperience from "@/components/InteractiveHouseExperience";
    | ^^^^^^^^^^^^^^^^^^^^^^^^^^^^^^^^^^^^^^^^^^^^^^^^^^^^^^^^^^^^^^^^^^^^^^^^^^^^^^^^^
  2 |
  3 | export default function Home() {
  4 |   return <InteractiveHouseExperience />;

Import map: aliased to relative './components/InteractiveHouseExperience' inside of [project]/animation-app

https://nextjs.org/docs/messages/module-not-found @ http://localhost:3000/_next/static/chunks/0olz_next_dist_0v4l4xr._.js:3318
[11437464ms] [ERROR] ./animation-app/app/page.tsx:1:1
Module not found: Can't resolve '@/components/InteractiveHouseExperience'
> 1 | import InteractiveHouseExperience from "@/components/InteractiveHouseExperience";
    | ^^^^^^^^^^^^^^^^^^^^^^^^^^^^^^^^^^^^^^^^^^^^^^^^^^^^^^^^^^^^^^^^^^^^^^^^^^^^^^^^^
  2 |
  3 | export default function Home() {
  4 |   return <InteractiveHouseExperience />;

Import map: aliased to relative './components/InteractiveHouseExperience' inside of [project]/animation-app

https://nextjs.org/docs/messages/module-not-found @ http://localhost:3000/_next/static/chunks/0olz_next_dist_0v4l4xr._.js:3318
[11437608ms] [LOG] [Fast Refresh] rebuilding @ http://localhost:3000/_next/static/chunks/0olz_next_dist_0v4l4xr._.js:2477
[11437637ms] [ERROR] ./animation-app/app/page.tsx:1:1
Module not found: Can't resolve '@/components/InteractiveHouseExperience'
> 1 | import InteractiveHouseExperience from "@/components/InteractiveHouseExperience";
    | ^^^^^^^^^^^^^^^^^^^^^^^^^^^^^^^^^^^^^^^^^^^^^^^^^^^^^^^^^^^^^^^^^^^^^^^^^^^^^^^^^
  2 |
  3 | export default function Home() {
  4 |   return <InteractiveHouseExperience />;

Import map: aliased to relative './components/InteractiveHouseExperience' inside of [project]/animation-app

https://nextjs.org/docs/messages/module-not-found @ http://localhost:3000/_next/static/chunks/0olz_next_dist_0v4l4xr._.js:3318
[11437638ms] [ERROR] Failed to load resource: the server responded with a status of 500 (Internal Server Error) @ http://localhost:3000/?_rsc=q3mOO9BClNZHexY7:0
[11437673ms] [ERROR] Failed to load resource: the server responded with a status of 500 (Internal Server Error) @ http://localhost:3000/:0
[11438238ms] [INFO] %cDownload the React DevTools for a better development experience: https://react.dev/link/react-devtools font-weight:bold @ http://localhost:3000/_next/static/chunks/0olz_react-dom_0q9a.pq._.js:15305
[11438341ms] Error: ./animation-app/app/page.tsx:1:1
Module not found: Can't resolve '@/components/InteractiveHouseExperience'
> 1 | import InteractiveHouseExperience from "@/components/InteractiveHouseExperience";
    | ^^^^^^^^^^^^^^^^^^^^^^^^^^^^^^^^^^^^^^^^^^^^^^^^^^^^^^^^^^^^^^^^^^^^^^^^^^^^^^^^^
  2 |
  3 | export default function Home() {
  4 |   return <InteractiveHouseExperience />;

Import map: aliased to relative './components/InteractiveHouseExperience' inside of [project]/animation-app


https://nextjs.org/docs/messages/module-not-found


    at <unknown> (Error: ./animation-app/app/page.tsx:1:1)
    at <unknown> (https://nextjs.org/docs/messages/module-not-found)
    at Object.getCompilationErrors (file://C:\Users\Diego Ramirez\Desktop\animation\animation-app\node_modules\next\dist\server\dev\hot-reloader-turbopack.js:1186:59)
    at DevBundlerService.getCompilationError (file://C:\Users\Diego Ramirez\Desktop\animation\animation-app\node_modules\next\dist\server\lib\dev-bundler-service.js:44:55)
    at DevServer.getCompilationError (file://C:\Users\Diego Ramirez\Desktop\animation\animation-app\node_modules\next\dist\server\dev\next-dev-server.js:720:42)
    at DevServer.findPageComponents (file://C:\Users\Diego Ramirez\Desktop\animation\animation-app\node_modules\next\dist\server\dev\next-dev-server.js:690:43)
    at async DevServer.renderErrorToResponseImpl (file://C:\Users\Diego Ramirez\Desktop\animation\animation-app\node_modules\next\dist\server\base-server.js:1753:26)
[11438338ms] [LOG] [HMR] connected @ http://localhost:3000/_next/static/chunks/0olz_next_dist_0eipacp._.js:1226
[11438401ms] [ERROR] ./animation-app/app/page.tsx:1:1
Module not found: Can't resolve '@/components/InteractiveHouseExperience'
> 1 | import InteractiveHouseExperience from "@/components/InteractiveHouseExperience";
    | ^^^^^^^^^^^^^^^^^^^^^^^^^^^^^^^^^^^^^^^^^^^^^^^^^^^^^^^^^^^^^^^^^^^^^^^^^^^^^^^^^
  2 |
  3 | export default function Home() {
  4 |   return <InteractiveHouseExperience />;

Import map: aliased to relative './components/InteractiveHouseExperience' inside of [project]/animation-app

https://nextjs.org/docs/messages/module-not-found @ http://localhost:3000/_next/static/chunks/0olz_next_dist_0eipacp._.js:1945
[11438402ms] [ERROR] ./animation-app/app/page.tsx:1:1
Module not found: Can't resolve '@/components/InteractiveHouseExperience'
> 1 | import InteractiveHouseExperience from "@/components/InteractiveHouseExperience";
    | ^^^^^^^^^^^^^^^^^^^^^^^^^^^^^^^^^^^^^^^^^^^^^^^^^^^^^^^^^^^^^^^^^^^^^^^^^^^^^^^^^
  2 |
  3 | export default function Home() {
  4 |   return <InteractiveHouseExperience />;

Import map: aliased to relative './components/InteractiveHouseExperience' inside of [project]/animation-app

https://nextjs.org/docs/messages/module-not-found @ http://localhost:3000/_next/static/chunks/0olz_next_dist_0eipacp._.js:1945
[11438495ms] [ERROR] ./animation-app/app/page.tsx:1:1
Module not found: Can't resolve '@/components/InteractiveHouseExperience'
> 1 | import InteractiveHouseExperience from "@/components/InteractiveHouseExperience";
    | ^^^^^^^^^^^^^^^^^^^^^^^^^^^^^^^^^^^^^^^^^^^^^^^^^^^^^^^^^^^^^^^^^^^^^^^^^^^^^^^^^
  2 |
  3 | export default function Home() {
  4 |   return <InteractiveHouseExperience />;

Import map: aliased to relative './components/InteractiveHouseExperience' inside of [project]/animation-app

https://nextjs.org/docs/messages/module-not-found @ http://localhost:3000/_next/static/chunks/0olz_next_dist_0eipacp._.js:1945
[11438556ms] [LOG] [Fast Refresh] rebuilding @ http://localhost:3000/_next/static/chunks/0olz_next_dist_0eipacp._.js:1226
[11451460ms] [ERROR] ./animation-app/app/page.tsx:1:1
Module not found: Can't resolve '@/components/InteractiveHouseExperience'
> 1 | import InteractiveHouseExperience from "@/components/InteractiveHouseExperience";
    | ^^^^^^^^^^^^^^^^^^^^^^^^^^^^^^^^^^^^^^^^^^^^^^^^^^^^^^^^^^^^^^^^^^^^^^^^^^^^^^^^^
  2 |
  3 | export default function Home() {
  4 |   return <InteractiveHouseExperience />;

Import map: aliased to relative './components/InteractiveHouseExperience' inside of [project]/animation-app

https://nextjs.org/docs/messages/module-not-found @ http://localhost:3000/_next/static/chunks/0olz_next_dist_0eipacp._.js:1945
[11451475ms] [LOG] [Fast Refresh] rebuilding @ http://localhost:3000/_next/static/chunks/0olz_next_dist_0eipacp._.js:1226
[11467611ms] [ERROR] ./animation-app/app/page.tsx:1:1
Module not found: Can't resolve '@/components/InteractiveHouseExperience'
> 1 | import InteractiveHouseExperience from "@/components/InteractiveHouseExperience";
    | ^^^^^^^^^^^^^^^^^^^^^^^^^^^^^^^^^^^^^^^^^^^^^^^^^^^^^^^^^^^^^^^^^^^^^^^^^^^^^^^^^
  2 |
  3 | export default function Home() {
  4 |   return <InteractiveHouseExperience />;

Import map: aliased to relative './components/InteractiveHouseExperience' inside of [project]/animation-app

https://nextjs.org/docs/messages/module-not-found @ http://localhost:3000/_next/static/chunks/0olz_next_dist_0eipacp._.js:1945
[11467641ms] [LOG] [Fast Refresh] rebuilding @ http://localhost:3000/_next/static/chunks/0olz_next_dist_0eipacp._.js:1226
[11476878ms] [ERROR] ./animation-app/app/page.tsx:1:1
Module not found: Can't resolve '@/components/InteractiveHouseExperience'
> 1 | import InteractiveHouseExperience from "@/components/InteractiveHouseExperience";
    | ^^^^^^^^^^^^^^^^^^^^^^^^^^^^^^^^^^^^^^^^^^^^^^^^^^^^^^^^^^^^^^^^^^^^^^^^^^^^^^^^^
  2 |
  3 | export default function Home() {
  4 |   return <InteractiveHouseExperience />;

Import map: aliased to relative './components/InteractiveHouseExperience' inside of [project]/animation-app

https://nextjs.org/docs/messages/module-not-found @ http://localhost:3000/_next/static/chunks/0olz_next_dist_0eipacp._.js:1945
[11476918ms] [LOG] [Fast Refresh] rebuilding @ http://localhost:3000/_next/static/chunks/0olz_next_dist_0eipacp._.js:1226
[11478439ms] [ERROR] ./animation-app/app/page.tsx:1:1
Module not found: Can't resolve '@/components/InteractiveHouseExperience'
> 1 | import InteractiveHouseExperience from "@/components/InteractiveHouseExperience";
    | ^^^^^^^^^^^^^^^^^^^^^^^^^^^^^^^^^^^^^^^^^^^^^^^^^^^^^^^^^^^^^^^^^^^^^^^^^^^^^^^^^
  2 |
  3 | export default function Home() {
  4 |   return <InteractiveHouseExperience />;

Import map: aliased to relative './components/InteractiveHouseExperience' inside of [project]/animation-app

https://nextjs.org/docs/messages/module-not-found @ http://localhost:3000/_next/static/chunks/0olz_next_dist_0eipacp._.js:1945
[11478500ms] [LOG] [Fast Refresh] rebuilding @ http://localhost:3000/_next/static/chunks/0olz_next_dist_0eipacp._.js:1226
[11486271ms] [ERROR] ./animation-app/app/page.tsx:1:1
Module not found: Can't resolve '@/components/InteractiveHouseExperience'
> 1 | import InteractiveHouseExperience from "@/components/InteractiveHouseExperience";
    | ^^^^^^^^^^^^^^^^^^^^^^^^^^^^^^^^^^^^^^^^^^^^^^^^^^^^^^^^^^^^^^^^^^^^^^^^^^^^^^^^^
  2 |
  3 | export default function Home() {
  4 |   return <InteractiveHouseExperience />;

Import map: aliased to relative './components/InteractiveHouseExperience' inside of [project]/animation-app

https://nextjs.org/docs/messages/module-not-found @ http://localhost:3000/_next/static/chunks/0olz_next_dist_0eipacp._.js:1945
[11486347ms] [LOG] [Fast Refresh] rebuilding @ http://localhost:3000/_next/static/chunks/0olz_next_dist_0eipacp._.js:1226
[11488493ms] [ERROR] ./animation-app/app/page.tsx:1:1
Module not found: Can't resolve '@/components/InteractiveHouseExperience'
> 1 | import InteractiveHouseExperience from "@/components/InteractiveHouseExperience";
    | ^^^^^^^^^^^^^^^^^^^^^^^^^^^^^^^^^^^^^^^^^^^^^^^^^^^^^^^^^^^^^^^^^^^^^^^^^^^^^^^^^
  2 |
  3 | export default function Home() {
  4 |   return <InteractiveHouseExperience />;

Import map: aliased to relative './components/InteractiveHouseExperience' inside of [project]/animation-app

https://nextjs.org/docs/messages/module-not-found @ http://localhost:3000/_next/static/chunks/0olz_next_dist_0eipacp._.js:1945
[11488556ms] [LOG] [Fast Refresh] rebuilding @ http://localhost:3000/_next/static/chunks/0olz_next_dist_0eipacp._.js:1226
[11497089ms] [ERROR] ./animation-app/app/page.tsx:1:1
Module not found: Can't resolve '@/components/InteractiveHouseExperience'
> 1 | import InteractiveHouseExperience from "@/components/InteractiveHouseExperience";
    | ^^^^^^^^^^^^^^^^^^^^^^^^^^^^^^^^^^^^^^^^^^^^^^^^^^^^^^^^^^^^^^^^^^^^^^^^^^^^^^^^^
  2 |
  3 | export default function Home() {
  4 |   return <InteractiveHouseExperience />;

Import map: aliased to relative './components/InteractiveHouseExperience' inside of [project]/animation-app

https://nextjs.org/docs/messages/module-not-found @ http://localhost:3000/_next/static/chunks/0olz_next_dist_0eipacp._.js:1945
[11497131ms] [LOG] [Fast Refresh] rebuilding @ http://localhost:3000/_next/static/chunks/0olz_next_dist_0eipacp._.js:1226
[11516035ms] [ERROR] ./animation-app/app/page.tsx:1:1
Module not found: Can't resolve '@/components/InteractiveHouseExperience'
> 1 | import InteractiveHouseExperience from "@/components/InteractiveHouseExperience";
    | ^^^^^^^^^^^^^^^^^^^^^^^^^^^^^^^^^^^^^^^^^^^^^^^^^^^^^^^^^^^^^^^^^^^^^^^^^^^^^^^^^
  2 |
  3 | export default function Home() {
  4 |   return <InteractiveHouseExperience />;

Import map: aliased to relative './components/InteractiveHouseExperience' inside of [project]/animation-app

https://nextjs.org/docs/messages/module-not-found @ http://localhost:3000/_next/static/chunks/0olz_next_dist_0eipacp._.js:1945
[11516097ms] [LOG] [Fast Refresh] rebuilding @ http://localhost:3000/_next/static/chunks/0olz_next_dist_0eipacp._.js:1226
[11524668ms] [ERROR] ./animation-app/app/page.tsx:1:1
Module not found: Can't resolve '@/components/InteractiveHouseExperience'
> 1 | import InteractiveHouseExperience from "@/components/InteractiveHouseExperience";
    | ^^^^^^^^^^^^^^^^^^^^^^^^^^^^^^^^^^^^^^^^^^^^^^^^^^^^^^^^^^^^^^^^^^^^^^^^^^^^^^^^^
  2 |
  3 | export default function Home() {
  4 |   return <InteractiveHouseExperience />;

Import map: aliased to relative './components/InteractiveHouseExperience' inside of [project]/animation-app

https://nextjs.org/docs/messages/module-not-found @ http://localhost:3000/_next/static/chunks/0olz_next_dist_0eipacp._.js:1945
[11524714ms] [LOG] [Fast Refresh] rebuilding @ http://localhost:3000/_next/static/chunks/0olz_next_dist_0eipacp._.js:1226
[11528927ms] [LOG] [Fast Refresh] rebuilding @ http://localhost:3000/_next/static/chunks/0olz_next_dist_0eipacp._.js:1226
[11528993ms] [LOG] [Fast Refresh] done in 94ms @ http://localhost:3000/_next/static/chunks/0olz_next_dist_0eipacp._.js:1226
[11529127ms] [LOG] [Fast Refresh] rebuilding @ http://localhost:3000/_next/static/chunks/0olz_next_dist_0eipacp._.js:1226
[11530529ms] [LOG] [Fast Refresh] done in 1503ms @ http://localhost:3000/_next/static/chunks/0olz_next_dist_0eipacp._.js:1226
[11530857ms] [LOG] [Fast Refresh] rebuilding @ http://localhost:3000/_next/static/chunks/0olz_next_dist_0eipacp._.js:1226
[11532731ms] [LOG] [Fast Refresh] done in 1975ms @ http://localhost:3000/_next/static/chunks/0olz_next_dist_0eipacp._.js:1226
[11532754ms] [ERROR] Failed to load resource: the server responded with a status of 500 (Internal Server Error) @ http://localhost:3000/:0
[11534166ms] [INFO] %cDownload the React DevTools for a better development experience: https://react.dev/link/react-devtools font-weight:bold @ http://localhost:3000/_next/static/chunks/0olz_next_dist_0v4l4xr._.js:2477
[11534264ms] [LOG] [HMR] connected @ http://localhost:3000/_next/static/chunks/0olz_next_dist_0v4l4xr._.js:2477
[11534532ms] TypeError: frame.join is not a function
    at buildFakeCallStack (http://localhost:3000/_next/static/chunks/0olz_next_dist_compiled_react-server-dom-turbopack_0i3slo7._.js:1949:52)
    at initializeFakeTask (http://localhost:3000/_next/static/chunks/0olz_next_dist_compiled_react-server-dom-turbopack_0i3slo7._.js:1976:28)
    at initializeDebugInfo (http://localhost:3000/_next/static/chunks/0olz_next_dist_compiled_react-server-dom-turbopack_0i3slo7._.js:1991:39)
    at initializeDebugChunk (http://localhost:3000/_next/static/chunks/0olz_next_dist_compiled_react-server-dom-turbopack_0i3slo7._.js:1044:46)
    at processFullStringRow (http://localhost:3000/_next/static/chunks/0olz_next_dist_compiled_react-server-dom-turbopack_0i3slo7._.js:2447:293)
    at processFullBinaryRow (http://localhost:3000/_next/static/chunks/0olz_next_dist_compiled_react-server-dom-turbopack_0i3slo7._.js:2393:9)
    at processBinaryChunk (http://localhost:3000/_next/static/chunks/0olz_next_dist_compiled_react-server-dom-turbopack_0i3slo7._.js:2502:221)
    at progress (http://localhost:3000/_next/static/chunks/0olz_next_dist_compiled_react-server-dom-turbopack_0i3slo7._.js:2689:13)
[11537201ms] [LOG] [Fast Refresh] rebuilding @ http://localhost:3000/_next/static/chunks/0olz_next_dist_0v4l4xr._.js:2477
[11537281ms] [LOG] [Fast Refresh] done in 121ms @ http://localhost:3000/_next/static/chunks/0olz_next_dist_0v4l4xr._.js:2477
[11537392ms] [LOG] [Fast Refresh] rebuilding @ http://localhost:3000/_next/static/chunks/0olz_next_dist_0v4l4xr._.js:2477
[11537493ms] [LOG] [Fast Refresh] done in 206ms @ http://localhost:3000/_next/static/chunks/0olz_next_dist_0v4l4xr._.js:2477
[11537836ms] [INFO] %cDownload the React DevTools for a better development experience: https://react.dev/link/react-devtools font-weight:bold @ http://localhost:3000/_next/static/chunks/0olz_next_dist_0v4l4xr._.js:2477
[11537872ms] [LOG] [HMR] connected @ http://localhost:3000/_next/static/chunks/0olz_next_dist_0v4l4xr._.js:2477
[11538630ms] [ERROR] Failed to load resource: the server responded with a status of 404 (Not Found) @ http://localhost:3000/images/house-main.png:0
[11538769ms] [LOG] [Fast Refresh] rebuilding @ http://localhost:3000/_next/static/chunks/0olz_next_dist_0v4l4xr._.js:2477
[11538836ms] [LOG] [Fast Refresh] done in 174ms @ http://localhost:3000/_next/static/chunks/0olz_next_dist_0v4l4xr._.js:2477
[11549060ms] [ERROR] WebSocket connection to 'ws://localhost:3000/_next/webpack-hmr?id=GU_sm5uDdh9dwXozYmQaF' failed: Error in connection establishment: net::ERR_CONNECTION_REFUSED @ http://localhost:3000/_next/static/chunks/0olz_next_dist_client_04jrj77._.js:13322
[11550292ms] [LOG] [HMR] connected @ http://localhost:3000/_next/static/chunks/0olz_next_dist_0v4l4xr._.js:2477
[11550843ms] [ERROR] Failed to load resource: the server responded with a status of 404 (Not Found) @ http://localhost:3000/images/house-main.png:0
[11550860ms] [INFO] %cDownload the React DevTools for a better development experience: https://react.dev/link/react-devtools font-weight:bold @ http://localhost:3000/_next/static/chunks/0olz_next_dist_0v4l4xr._.js:2477
[11550918ms] [LOG] [HMR] connected @ http://localhost:3000/_next/static/chunks/0olz_next_dist_0v4l4xr._.js:2477
[11631417ms] [ERROR] WebSocket connection to 'ws://localhost:3000/_next/webpack-hmr?id=qCHf1aPCdO_Tm2wXL63Cg' failed: Error in connection establishment: net::ERR_CONNECTION_REFUSED @ http://localhost:3000/_next/static/chunks/0olz_next_dist_client_04jrj77._.js:13322
[11634785ms] [ERROR] WebSocket connection to 'ws://localhost:3000/_next/webpack-hmr?id=qCHf1aPCdO_Tm2wXL63Cg' failed: Error in connection establishment: net::ERR_CONNECTION_REFUSED @ http://localhost:3000/_next/static/chunks/0olz_next_dist_client_04jrj77._.js:13322
[11638131ms] [ERROR] WebSocket connection to 'ws://localhost:3000/_next/webpack-hmr?id=qCHf1aPCdO_Tm2wXL63Cg' failed: Error in connection establishment: net::ERR_CONNECTION_REFUSED @ http://localhost:3000/_next/static/chunks/0olz_next_dist_client_04jrj77._.js:13322
[11641477ms] [ERROR] WebSocket connection to 'ws://localhost:3000/_next/webpack-hmr?id=qCHf1aPCdO_Tm2wXL63Cg' failed: Error in connection establishment: net::ERR_CONNECTION_REFUSED @ http://localhost:3000/_next/static/chunks/0olz_next_dist_client_04jrj77._.js:13322
[11644832ms] [ERROR] WebSocket connection to 'ws://localhost:3000/_next/webpack-hmr?id=qCHf1aPCdO_Tm2wXL63Cg' failed: Error in connection establishment: net::ERR_CONNECTION_REFUSED @ http://localhost:3000/_next/static/chunks/0olz_next_dist_client_04jrj77._.js:13322
[11652196ms] [ERROR] WebSocket connection to 'ws://localhost:3000/_next/webpack-hmr?id=qCHf1aPCdO_Tm2wXL63Cg' failed: Error in connection establishment: net::ERR_CONNECTION_REFUSED @ http://localhost:3000/_next/static/chunks/0olz_next_dist_client_04jrj77._.js:13322
[11659531ms] [ERROR] WebSocket connection to 'ws://localhost:3000/_next/webpack-hmr?id=qCHf1aPCdO_Tm2wXL63Cg' failed: Error in connection establishment: net::ERR_CONNECTION_REFUSED @ http://localhost:3000/_next/static/chunks/0olz_next_dist_client_04jrj77._.js:13322
[11666878ms] [ERROR] WebSocket connection to 'ws://localhost:3000/_next/webpack-hmr?id=qCHf1aPCdO_Tm2wXL63Cg' failed: Error in connection establishment: net::ERR_CONNECTION_REFUSED @ http://localhost:3000/_next/static/chunks/0olz_next_dist_client_04jrj77._.js:13322
[11674246ms] [ERROR] WebSocket connection to 'ws://localhost:3000/_next/webpack-hmr?id=qCHf1aPCdO_Tm2wXL63Cg' failed: Error in connection establishment: net::ERR_CONNECTION_REFUSED @ http://localhost:3000/_next/static/chunks/0olz_next_dist_client_04jrj77._.js:13322
[11681589ms] [ERROR] WebSocket connection to 'ws://localhost:3000/_next/webpack-hmr?id=qCHf1aPCdO_Tm2wXL63Cg' failed: Error in connection establishment: net::ERR_CONNECTION_REFUSED @ http://localhost:3000/_next/static/chunks/0olz_next_dist_client_04jrj77._.js:13322
[11688923ms] [ERROR] WebSocket connection to 'ws://localhost:3000/_next/webpack-hmr?id=qCHf1aPCdO_Tm2wXL63Cg' failed: Error in connection establishment: net::ERR_CONNECTION_REFUSED @ http://localhost:3000/_next/static/chunks/0olz_next_dist_client_04jrj77._.js:13322
[11696275ms] [ERROR] WebSocket connection to 'ws://localhost:3000/_next/webpack-hmr?id=qCHf1aPCdO_Tm2wXL63Cg' failed: Error in connection establishment: net::ERR_CONNECTION_REFUSED @ http://localhost:3000/_next/static/chunks/0olz_next_dist_client_04jrj77._.js:13322
